<?xml version="1.0" encoding="UTF-8"?>
<!-- Generated by org.testng.reporters.JUnitReportReporter -->
<testsuite hostname="DESKTOP-7U2JTDF" name="com.browserstack.LoginTest" tests="2" failures="0" timestamp="8 May 2024 06:57:01 GMT" time="22.252" errors="0">
  <testcase name="loginPass" time="10.398" classname="com.browserstack.LoginTest"/>
  <testcase name="loginFail" time="11.854" classname="com.browserstack.LoginTest"/>
</testsuite> <!-- com.browserstack.LoginTest -->
