<?xml version="1.0" encoding="UTF-8"?>
<!-- Generated by org.testng.reporters.JUnitReportReporter -->
<testsuite hostname="DESKTOP-7U2JTDF" name="com.browserstack.LoginTest" tests="2" failures="0" timestamp="8 May 2024 05:21:15 GMT" time="15.405" errors="0">
  <testcase name="loginPass" time="8.671" classname="com.browserstack.LoginTest"/>
  <testcase name="loginFail" time="6.734" classname="com.browserstack.LoginTest"/>
</testsuite> <!-- com.browserstack.LoginTest -->
