<?xml version="1.0" encoding="UTF-8"?>
<!-- Generated by org.testng.reporters.JUnitReportReporter -->
<testsuite skipped="0" hostname="DESKTOP-7U2JTDF" name="com.browserstack.FirstTest" tests="1" failures="0" timestamp="2024-05-07T15:48:05 ICT" time="37.539" errors="0">
  <testcase name="test" time="37.539" classname="com.browserstack.FirstTest"/>
  <system-out/>
</testsuite> <!-- com.browserstack.FirstTest -->
